<?xml version="1.0" encoding="UTF-8"?>
<!-- Generated by org.testng.reporters.JUnitReportReporter -->
<testsuite skipped="0" hostname="Regis-PC" name="com.mid_testing_project.services.VisitationTimeServiceNGTest" tests="6" failures="0" timestamp="2021-04-12T11:50:17 CAT" time="1.542" errors="0">
  <testcase name="testFindAllInUseTime" time="0.450" classname="com.mid_testing_project.services.VisitationTimeServiceNGTest"/>
  <system-out/>
  <testcase name="testDisableVisitationTime" time="0.195" classname="com.mid_testing_project.services.VisitationTimeServiceNGTest"/>
  <system-out/>
  <testcase name="testDisableVisitationTimeInvalidTimeId" time="0.128" classname="com.mid_testing_project.services.VisitationTimeServiceNGTest"/>
  <system-out/>
  <testcase name="testFindAllNotInUseTime" time="0.135" classname="com.mid_testing_project.services.VisitationTimeServiceNGTest"/>
  <system-out/>
  <testcase name="testAddVisitationTime" time="0.490" classname="com.mid_testing_project.services.VisitationTimeServiceNGTest"/>
  <system-out/>
  <testcase name="testDisableVisitationTimeAlreadyDisabled" time="0.144" classname="com.mid_testing_project.services.VisitationTimeServiceNGTest"/>
  <system-out/>
</testsuite> <!-- com.mid_testing_project.services.VisitationTimeServiceNGTest -->
