<?xml version="1.0" encoding="UTF-8"?>
<!-- Generated by org.testng.reporters.JUnitReportReporter -->
<testsuite skipped="0" hostname="Regis-PC" name="com.mid_testing_project.services.VisitationServiceNGTest" tests="10" failures="0" timestamp="2021-04-05T21:51:34 CAT" time="1.947" errors="0">
  <testcase name="testFindAllVisitationsOnCertainDateInvalidPrison" time="0.133" classname="com.mid_testing_project.services.VisitationServiceNGTest"/>
  <system-out/>
  <testcase name="testFindAllVisitations" time="0.504" classname="com.mid_testing_project.services.VisitationServiceNGTest"/>
  <system-out/>
  <testcase name="testFindAllVisitationsOnCertainDate" time="0.170" classname="com.mid_testing_project.services.VisitationServiceNGTest"/>
  <system-out/>
  <testcase name="testVisitInvalidTime" time="0.162" classname="com.mid_testing_project.services.VisitationServiceNGTest"/>
  <system-out/>
  <testcase name="testVisitNotVisitationDay" time="0.089" classname="com.mid_testing_project.services.VisitationServiceNGTest"/>
  <system-out/>
  <testcase name="testVisitInvalidPrisoner" time="0.146" classname="com.mid_testing_project.services.VisitationServiceNGTest"/>
  <system-out/>
  <testcase name="testFindAllVisitationsInvalidPrison" time="0.139" classname="com.mid_testing_project.services.VisitationServiceNGTest"/>
  <system-out/>
  <testcase name="testFindAllVisitationsOnCertainDateInvalidDate" time="0.154" classname="com.mid_testing_project.services.VisitationServiceNGTest"/>
  <system-out/>
  <testcase name="testVisit" time="0.255" classname="com.mid_testing_project.services.VisitationServiceNGTest"/>
  <system-out/>
  <testcase name="testVisitOutOfBoundsVisitation" time="0.195" classname="com.mid_testing_project.services.VisitationServiceNGTest"/>
  <system-out/>
</testsuite> <!-- com.mid_testing_project.services.VisitationServiceNGTest -->
