<?xml version="1.0" encoding="UTF-8"?>
<!-- Generated by org.testng.reporters.JUnitReportReporter -->
<testsuite skipped="0" hostname="Regis-PC" name="com.mid_testing_project.services.ManagerServiceNGTest" tests="17" failures="0" timestamp="2021-04-04T10:22:38 CAT" time="2.739" errors="0">
  <testcase name="testFireGuardManagerNotActivated" time="0.096" classname="com.mid_testing_project.services.ManagerServiceNGTest"/>
  <system-out/>
  <testcase name="testAddGuardInvalidManager" time="0.192" classname="com.mid_testing_project.services.ManagerServiceNGTest"/>
  <system-out/>
  <testcase name="testFireGuardNotManager" time="0.142" classname="com.mid_testing_project.services.ManagerServiceNGTest"/>
  <system-out/>
  <testcase name="testSuspendGuardManagerNotActivated" time="0.180" classname="com.mid_testing_project.services.ManagerServiceNGTest"/>
  <system-out/>
  <testcase name="testAddGuardManagerNotActivated" time="0.099" classname="com.mid_testing_project.services.ManagerServiceNGTest"/>
  <system-out/>
  <testcase name="testFireGuardInvalidGuard" time="0.164" classname="com.mid_testing_project.services.ManagerServiceNGTest"/>
  <system-out/>
  <testcase name="testSuspendGuardInvalidGuard" time="0.152" classname="com.mid_testing_project.services.ManagerServiceNGTest"/>
  <system-out/>
  <testcase name="testSuspendGuardNotManager" time="0.178" classname="com.mid_testing_project.services.ManagerServiceNGTest"/>
  <system-out/>
  <testcase name="testFireGuardAlreadyFiredGuard" time="0.101" classname="com.mid_testing_project.services.ManagerServiceNGTest"/>
  <system-out/>
  <testcase name="testSuspendGuard" time="0.113" classname="com.mid_testing_project.services.ManagerServiceNGTest"/>
  <system-out/>
  <testcase name="testAddGuardNotManager" time="0.119" classname="com.mid_testing_project.services.ManagerServiceNGTest"/>
  <system-out/>
  <testcase name="testSuspendGuardAlreadySuspendedGuard" time="0.098" classname="com.mid_testing_project.services.ManagerServiceNGTest"/>
  <system-out/>
  <testcase name="testFireGuard" time="0.202" classname="com.mid_testing_project.services.ManagerServiceNGTest"/>
  <system-out/>
  <testcase name="testAddGuardInvalidPrison" time="0.264" classname="com.mid_testing_project.services.ManagerServiceNGTest"/>
  <system-out/>
  <testcase name="testAddGuard" time="0.314" classname="com.mid_testing_project.services.ManagerServiceNGTest"/>
  <system-out/>
  <testcase name="testSuspendGuardInvalidManager" time="0.176" classname="com.mid_testing_project.services.ManagerServiceNGTest"/>
  <system-out/>
  <testcase name="testFireGuardInvalidManager" time="0.149" classname="com.mid_testing_project.services.ManagerServiceNGTest"/>
  <system-out/>
</testsuite> <!-- com.mid_testing_project.services.ManagerServiceNGTest -->
