<?xml version="1.0" encoding="UTF-8"?>
<!-- Generated by org.testng.reporters.JUnitReportReporter -->
<testsuite skipped="0" hostname="Regis-PC" name="com.mid_testing_project.services.VisitationTimeServiceNGTest" tests="6" failures="0" timestamp="2021-04-13T11:52:17 CAT" time="1.349" errors="0">
  <testcase name="testDisableVisitationTime" time="0.127" classname="com.mid_testing_project.services.VisitationTimeServiceNGTest"/>
  <system-out/>
  <testcase name="testDisableVisitationTimeAlreadyDisabled" time="0.174" classname="com.mid_testing_project.services.VisitationTimeServiceNGTest"/>
  <system-out/>
  <testcase name="testFindAllInUseTime" time="0.410" classname="com.mid_testing_project.services.VisitationTimeServiceNGTest"/>
  <system-out/>
  <testcase name="testFindAllNotInUseTime" time="0.130" classname="com.mid_testing_project.services.VisitationTimeServiceNGTest"/>
  <system-out/>
  <testcase name="testAddVisitationTime" time="0.411" classname="com.mid_testing_project.services.VisitationTimeServiceNGTest"/>
  <system-out/>
  <testcase name="testDisableVisitationTimeInvalidTimeId" time="0.097" classname="com.mid_testing_project.services.VisitationTimeServiceNGTest"/>
  <system-out/>
</testsuite> <!-- com.mid_testing_project.services.VisitationTimeServiceNGTest -->
