<?xml version="1.0" encoding="UTF-8"?>
<!-- Generated by org.testng.reporters.JUnitReportReporter -->
<testsuite skipped="0" hostname="Regis-PC" name="com.mid_testing_project.services.AdminServiceNGTest" tests="9" failures="0" timestamp="2021-04-03T22:49:08 CAT" time="2.184" errors="0">
  <testcase name="testAddManager" time="0.454" classname="com.mid_testing_project.services.AdminServiceNGTest"/>
  <system-out/>
  <testcase name="testAddManagerInvalidAdmin" time="0.133" classname="com.mid_testing_project.services.AdminServiceNGTest"/>
  <system-out/>
  <testcase name="testAddManagerInvalidPrison" time="0.158" classname="com.mid_testing_project.services.AdminServiceNGTest"/>
  <system-out/>
  <testcase name="testAddManagerNotAdmin" time="0.110" classname="com.mid_testing_project.services.AdminServiceNGTest"/>
  <system-out/>
  <testcase name="testFireManager" time="0.172" classname="com.mid_testing_project.services.AdminServiceNGTest"/>
  <system-out/>
  <testcase name="testAddManagerAdminNotActivated" time="0.108" classname="com.mid_testing_project.services.AdminServiceNGTest"/>
  <system-out/>
  <testcase name="testSuspendManager" time="0.609" classname="com.mid_testing_project.services.AdminServiceNGTest"/>
  <system-out/>
  <testcase name="testFindAllUserTrack" time="0.098" classname="com.mid_testing_project.services.AdminServiceNGTest"/>
  <system-out/>
  <testcase name="testFindAllPrisonerTrack" time="0.342" classname="com.mid_testing_project.services.AdminServiceNGTest"/>
  <system-out/>
</testsuite> <!-- com.mid_testing_project.services.AdminServiceNGTest -->
