<?xml version="1.0" encoding="UTF-8"?>
<!-- Generated by org.testng.reporters.JUnitReportReporter -->
<testsuite skipped="0" hostname="Regis-PC" name="com.mid_testing_project.services.PrisonServiceNGTest" tests="13" failures="0" timestamp="2021-04-05T18:26:20 CAT" time="2.292" errors="0">
  <testcase name="testReleasePrisonerInvalidManager" time="0.129" classname="com.mid_testing_project.services.PrisonServiceNGTest"/>
  <system-out/>
  <testcase name="testFindAllPrisoners" time="0.328" classname="com.mid_testing_project.services.PrisonServiceNGTest"/>
  <system-out/>
  <testcase name="testAddPrisonerInvalidPrison" time="0.121" classname="com.mid_testing_project.services.PrisonServiceNGTest"/>
  <system-out/>
  <testcase name="testReleasePrisonerNotManager" time="0.128" classname="com.mid_testing_project.services.PrisonServiceNGTest"/>
  <system-out/>
  <testcase name="testReleasePrisonerManagerNotActivated" time="0.138" classname="com.mid_testing_project.services.PrisonServiceNGTest"/>
  <system-out/>
  <testcase name="testAddPrisonerManagerNotActivated" time="0.111" classname="com.mid_testing_project.services.PrisonServiceNGTest"/>
  <system-out/>
  <testcase name="testReleasePrisonerInvalidPrisoner" time="0.114" classname="com.mid_testing_project.services.PrisonServiceNGTest"/>
  <system-out/>
  <testcase name="testAddPrisonerNotManager" time="0.219" classname="com.mid_testing_project.services.PrisonServiceNGTest"/>
  <system-out/>
  <testcase name="testAddPrisonerInvalidManager" time="0.158" classname="com.mid_testing_project.services.PrisonServiceNGTest"/>
  <system-out/>
  <testcase name="testFindAllPrisonersInCertainPrison" time="0.246" classname="com.mid_testing_project.services.PrisonServiceNGTest"/>
  <system-out/>
  <testcase name="testFindAllPrisonersInCertainPrisonInvalidPrison" time="0.083" classname="com.mid_testing_project.services.PrisonServiceNGTest"/>
  <system-out/>
  <testcase name="testReleasePrisoner" time="0.148" classname="com.mid_testing_project.services.PrisonServiceNGTest"/>
  <system-out/>
  <testcase name="testAddPrisoner" time="0.369" classname="com.mid_testing_project.services.PrisonServiceNGTest"/>
  <system-out/>
</testsuite> <!-- com.mid_testing_project.services.PrisonServiceNGTest -->
