<?xml version="1.0" encoding="UTF-8"?>
<!-- Generated by org.testng.reporters.JUnitReportReporter -->
<testsuite skipped="0" hostname="Regis-PC" name="com.mid_testing_project.services.VisitationServiceNGTest" tests="7" failures="0" timestamp="2021-04-12T12:12:43 CAT" time="1.546" errors="0">
  <testcase name="testFindAllVisitationsOnCertainDateInvalidDate" time="0.144" classname="com.mid_testing_project.services.VisitationServiceNGTest"/>
  <system-out/>
  <testcase name="testVisitInvalidPrisoner" time="0.142" classname="com.mid_testing_project.services.VisitationServiceNGTest"/>
  <system-out/>
  <testcase name="testFindAllVisitations" time="0.483" classname="com.mid_testing_project.services.VisitationServiceNGTest"/>
  <system-out/>
  <testcase name="testFindAllVisitationsInvalidPrison" time="0.214" classname="com.mid_testing_project.services.VisitationServiceNGTest"/>
  <system-out/>
  <testcase name="testFindAllVisitationsOnCertainDate" time="0.138" classname="com.mid_testing_project.services.VisitationServiceNGTest"/>
  <system-out/>
  <testcase name="testFindAllVisitationsOnCertainDateInvalidPrison" time="0.149" classname="com.mid_testing_project.services.VisitationServiceNGTest"/>
  <system-out/>
  <testcase name="testVisitOutOfBoundsVisitation" time="0.276" classname="com.mid_testing_project.services.VisitationServiceNGTest"/>
  <system-out/>
</testsuite> <!-- com.mid_testing_project.services.VisitationServiceNGTest -->
