<?xml version="1.0" encoding="UTF-8"?>
<!-- Generated by org.testng.reporters.JUnitReportReporter -->
<testsuite skipped="0" hostname="Regis-PC" name="com.mid_testing_project.services.VisitationTimeServiceNGTest" tests="5" failures="0" timestamp="2021-04-05T20:53:59 CAT" time="1.541" errors="0">
  <testcase name="testFindAllInUseTime" time="0.380" classname="com.mid_testing_project.services.VisitationTimeServiceNGTest"/>
  <system-out/>
  <testcase name="testDisableVisitationTime" time="0.305" classname="com.mid_testing_project.services.VisitationTimeServiceNGTest"/>
  <system-out/>
  <testcase name="testDisableVisitationTimeInvalidTimeId" time="0.367" classname="com.mid_testing_project.services.VisitationTimeServiceNGTest"/>
  <system-out/>
  <testcase name="testAddVisitationTime" time="0.364" classname="com.mid_testing_project.services.VisitationTimeServiceNGTest"/>
  <system-out/>
  <testcase name="testDisableVisitationTimeAlreadyDisabled" time="0.125" classname="com.mid_testing_project.services.VisitationTimeServiceNGTest"/>
  <system-out/>
</testsuite> <!-- com.mid_testing_project.services.VisitationTimeServiceNGTest -->
