<?xml version="1.0" encoding="UTF-8"?>
<!-- Generated by org.testng.reporters.JUnitReportReporter -->
<testsuite skipped="0" hostname="Regis-PC" name="com.mid_testing_project.services.AdminServiceNGTest" tests="23" failures="0" timestamp="2021-04-04T10:24:47 CAT" time="3.325" errors="0">
  <testcase name="testFireManagerAdminNotActivated" time="0.159" classname="com.mid_testing_project.services.AdminServiceNGTest"/>
  <system-out/>
  <testcase name="testFindAllPrisonerTrack" time="0.310" classname="com.mid_testing_project.services.AdminServiceNGTest"/>
  <system-out/>
  <testcase name="testFireManager" time="0.185" classname="com.mid_testing_project.services.AdminServiceNGTest"/>
  <system-out/>
  <testcase name="testAddManagerAdminNotActivated" time="0.098" classname="com.mid_testing_project.services.AdminServiceNGTest"/>
  <system-out/>
  <testcase name="testAddPrisonInvalidAdmin" time="0.118" classname="com.mid_testing_project.services.AdminServiceNGTest"/>
  <system-out/>
  <testcase name="testSuspendManager" time="0.209" classname="com.mid_testing_project.services.AdminServiceNGTest"/>
  <system-out/>
  <testcase name="testAddManagerInvalidPrison" time="0.163" classname="com.mid_testing_project.services.AdminServiceNGTest"/>
  <system-out/>
  <testcase name="testSuspendManagerAdminNotActivated" time="0.093" classname="com.mid_testing_project.services.AdminServiceNGTest"/>
  <system-out/>
  <testcase name="testFireManagerInvalidManager" time="0.094" classname="com.mid_testing_project.services.AdminServiceNGTest"/>
  <system-out/>
  <testcase name="testAddPrisonNotAdmin" time="0.108" classname="com.mid_testing_project.services.AdminServiceNGTest"/>
  <system-out/>
  <testcase name="testAddManagerNotAdmin" time="0.142" classname="com.mid_testing_project.services.AdminServiceNGTest"/>
  <system-out/>
  <testcase name="testSuspendManagerNotAdmin" time="0.122" classname="com.mid_testing_project.services.AdminServiceNGTest"/>
  <system-out/>
  <testcase name="testAddManagerInvalidAdmin" time="0.133" classname="com.mid_testing_project.services.AdminServiceNGTest"/>
  <system-out/>
  <testcase name="testFindAllUserTrack" time="0.112" classname="com.mid_testing_project.services.AdminServiceNGTest"/>
  <system-out/>
  <testcase name="testSuspendManagerInvalidAdmin" time="0.122" classname="com.mid_testing_project.services.AdminServiceNGTest"/>
  <system-out/>
  <testcase name="testAddPrison" time="0.124" classname="com.mid_testing_project.services.AdminServiceNGTest"/>
  <system-out/>
  <testcase name="testSuspendManagerAlreadySuspended" time="0.108" classname="com.mid_testing_project.services.AdminServiceNGTest"/>
  <system-out/>
  <testcase name="testSuspendManagerInvalidManager" time="0.102" classname="com.mid_testing_project.services.AdminServiceNGTest"/>
  <system-out/>
  <testcase name="testFireManagerNotAdmin" time="0.098" classname="com.mid_testing_project.services.AdminServiceNGTest"/>
  <system-out/>
  <testcase name="testAddManager" time="0.288" classname="com.mid_testing_project.services.AdminServiceNGTest"/>
  <system-out/>
  <testcase name="testFireManagerAlreadyFired" time="0.141" classname="com.mid_testing_project.services.AdminServiceNGTest"/>
  <system-out/>
  <testcase name="testAddPrisonAdminNotActivated" time="0.138" classname="com.mid_testing_project.services.AdminServiceNGTest"/>
  <system-out/>
  <testcase name="testFireManagerInvalidAdmin" time="0.158" classname="com.mid_testing_project.services.AdminServiceNGTest"/>
  <system-out/>
</testsuite> <!-- com.mid_testing_project.services.AdminServiceNGTest -->
